🤖 AMD CLIENT ACQUISITION BOT
============================================================

📥 New inquiry from Chidi Okafor

🚨 HIGH-VALUE LEAD ESCALATION:

🚨 HIGH-VALUE LEAD ALERT 🚨

Name: Chidi Okafor
Company: Lagos Tech Solutions
Budget: ₦3M+
Challenge: Need AI system to automate our customer service. Processing 10,000+ tickets monthly.
Source: linkedin

CALL IMMEDIATELY: +234 901 234 5678

✅ Alert sent to Telegram

📤 AUTO-RESPONSE SENT:
To: Chidi Okafor (chidi@lagostech.com)
Message:

Hi Chidi Okafor! 👋

Thanks for reaching out about Need AI system to automate our customer service. Processing 10,000+ tickets monthly..

Based on your project scope, I'm connecting you directly with our CEO, Olawale.

He'll call you within the next 30 minutes at +234 901 234 5678.

In the meantime:
📊 View our case studies: https://amdsolutions007.com
💼 See our portfolio: https://amdsolutions007.com/portfolio

Talk soon! 🚀



📥 New inquiry from Amina Ibrahim

🚨 HIGH-VALUE LEAD ESCALATION:

🚨 HIGH-VALUE LEAD ALERT 🚨

Name: Amina Ibrahim
Company: Abuja Finance Group
Budget: ₦1M - ₦3M
Challenge: Looking for data analytics dashboard
Source: website

CALL IMMEDIATELY: +234 809 876 5432

✅ Alert sent to Telegram

📤 AUTO-RESPONSE SENT:
To: Amina Ibrahim (amina@abujafinance.ng)
Message:

Hi Amina Ibrahim! 👋

Thanks for reaching out about Looking for data analytics dashboard.

Based on your project scope, I'm connecting you directly with our CEO, Olawale.

He'll call you within the next 30 minutes at +234 809 876 5432.

In the meantime:
📊 View our case studies: https://amdsolutions007.com
💼 See our portfolio: https://amdsolutions007.com/portfolio

Talk soon! 🚀



✅ Bot demo complete!
💡 Database: /Users/mac/Desktop/AMD_Control_Center/client_bot/data/clients.db
